1986 96324 351
97784 68493 351
298970 296897 371
104413 32797 351
742268 739636 393
67016 88876 351
41132 53877 340
16200 60585 340
633468 632216 354
112032 11423 354
111285 77793 354
59697 29059 340
81967 70556 351
899312 899235 251
80753 21728 351
19775 29050 308
86403 108299 354
37666 69849 340
23414 35594 311
35062 86236 351
99147 112518 354
57374 86110 351
53560 39819 340
46811 43797 314
58816 11163 340
412342 412974 343
113155 28768 354
15219 2599 276
41537 84656 351
576377 576980 390
18696 70920 340
61760 13012 340
59665 59749 242
492520 493336 426
92365 35926 351
744090 743077 318
618283 618977 310
124491 128414 331
23960 7229 282
89384 69867 351
438476 441251 400
11935 49176 324
549132 551451 346
91949 28638 351
79379 103359 341
60067 82078 351
70054 23187 340
88472 59221 351
132677 117472 344
401152 402445 299
26354 82372 351
40614 40297 244
222509 217463 355
682669 683673 336
64267 26748 340
112750 67583 354
586192 583356 434
46432 33444 324
26555 35356 311
295394 296552 327
107355 69647 354
721977 722897 411
68554 106190 351
32102 30155 285
37391 39628 306
844677 846968 401
101251 3508 351
73205 76108 325
109473 58435 354
27326 96016 351
101525 59658 351
97306 57832 351
47511 67445 340
528055 528938 377
228493 232220 443
53966 46892 340
55557 87205 351
48288 52053 309
18678 54079 340
32389 90510 351
195272 192402 347
118489 128573 336
83836 68958 351
233598 227746 443
104995 19442 351
234441 234313 275
67383 8475 340
745450 747014 349
46384 61305 340
48291 100318 351
34505 5810 311
95620 46432 351
171851 176692 347
97650 40248 351
689063 688643 292
57626 50250 340
992951 992245 352
595979 591809 403
890774 891662 326
28216 34074 285
60138 88686 351
46343 101030 351
39378 51947 314
900492 892099 370
898768 890312 370
73975 78925 351
38256 56027 340
7456 26834 308
46680 112149 354
369615 375975 392
47751 97420 351
67611 52284 340
340551 353096 441
99838 82994 333
265645 263142 332
108734 66352 354
75007 17971 340
104749 2301 351
106986 90918 354
292593 292548 296
